<?xml version="1.0" encoding="UTF-8"?>
<testng-results ignored="0" total="1" passed="1" failed="0" skipped="0">
  <reporter-output>
  </reporter-output>
  <suite started-at="2023-10-27T18:35:31 IST" name="Default suite" finished-at="2023-10-27T18:35:36 IST" duration-ms="5487">
    <groups>
    </groups>
    <test started-at="2023-10-27T18:35:31 IST" name="Default test" finished-at="2023-10-27T18:35:36 IST" duration-ms="5487">
      <class name="newActions.doubleClick">
        <test-method signature="doubleClick_Demo()[pri:0, instance:newActions.doubleClick@72e5a8e]" started-at="2023-10-27T18:35:31 IST" name="doubleClick_Demo" finished-at="2023-10-27T18:35:36 IST" duration-ms="5433" status="PASS">
          <reporter-output>
          </reporter-output>
        </test-method> <!-- doubleClick_Demo -->
      </class> <!-- newActions.doubleClick -->
    </test> <!-- Default test -->
  </suite> <!-- Default suite -->
</testng-results>
