<?xml version="1.0" encoding="UTF-8"?>
<testng-results ignored="0" total="1" passed="1" failed="0" skipped="0">
  <reporter-output>
  </reporter-output>
  <suite started-at="2023-10-30T19:14:32 IST" name="Default suite" finished-at="2023-10-30T19:14:44 IST" duration-ms="11968">
    <groups>
    </groups>
    <test started-at="2023-10-30T19:14:32 IST" name="Default test" finished-at="2023-10-30T19:14:44 IST" duration-ms="11968">
      <class name="selGridImplentation.standaloneGrid">
        <test-method signature="webElement_ScreenshotDemo()[pri:0, instance:selGridImplentation.standaloneGrid@272113c4]" started-at="2023-10-30T19:14:32 IST" name="webElement_ScreenshotDemo" finished-at="2023-10-30T19:14:44 IST" duration-ms="11898" status="PASS">
          <reporter-output>
          </reporter-output>
        </test-method> <!-- webElement_ScreenshotDemo -->
      </class> <!-- selGridImplentation.standaloneGrid -->
    </test> <!-- Default test -->
  </suite> <!-- Default suite -->
</testng-results>
